Determining if the pthread_create exist failed with the following output:
Change Dir: /home/glizdu/Pulpit/turtlebot/build/CMakeFiles/CMakeTmp

Run Build Command:"/usr/bin/make" "cmTC_762ce/fast"
/usr/bin/make -f CMakeFiles/cmTC_762ce.dir/build.make CMakeFiles/cmTC_762ce.dir/build
make[1]: Entering directory '/home/glizdu/Pulpit/turtlebot/build/CMakeFiles/CMakeTmp'
Building C object CMakeFiles/cmTC_762ce.dir/CheckSymbolExists.c.o
/usr/bin/cc     -o CMakeFiles/cmTC_762ce.dir/CheckSymbolExists.c.o   -c /home/glizdu/Pulpit/turtlebot/build/CMakeFiles/CMakeTmp/CheckSymbolExists.c
Linking C executable cmTC_762ce
/usr/bin/cmake -E cmake_link_script CMakeFiles/cmTC_762ce.dir/link.txt --verbose=1
/usr/bin/cc       CMakeFiles/cmTC_762ce.dir/CheckSymbolExists.c.o  -o cmTC_762ce -rdynamic 
CMakeFiles/cmTC_762ce.dir/CheckSymbolExists.c.o: In function `main':
CheckSymbolExists.c:(.text+0xa): undefined reference to `pthread_create'
collect2: error: ld returned 1 exit status
CMakeFiles/cmTC_762ce.dir/build.make:97: recipe for target 'cmTC_762ce' failed
make[1]: *** [cmTC_762ce] Error 1
make[1]: Leaving directory '/home/glizdu/Pulpit/turtlebot/build/CMakeFiles/CMakeTmp'
Makefile:126: recipe for target 'cmTC_762ce/fast' failed
make: *** [cmTC_762ce/fast] Error 2

File /home/glizdu/Pulpit/turtlebot/build/CMakeFiles/CMakeTmp/CheckSymbolExists.c:
/* */
#include <pthread.h>

int main(int argc, char** argv)
{
  (void)argv;
#ifndef pthread_create
  return ((int*)(&pthread_create))[argc];
#else
  (void)argc;
  return 0;
#endif
}

Determining if the function pthread_create exists in the pthreads failed with the following output:
Change Dir: /home/glizdu/Pulpit/turtlebot/build/CMakeFiles/CMakeTmp

Run Build Command:"/usr/bin/make" "cmTC_afc61/fast"
/usr/bin/make -f CMakeFiles/cmTC_afc61.dir/build.make CMakeFiles/cmTC_afc61.dir/build
make[1]: Entering directory '/home/glizdu/Pulpit/turtlebot/build/CMakeFiles/CMakeTmp'
Building C object CMakeFiles/cmTC_afc61.dir/CheckFunctionExists.c.o
/usr/bin/cc    -DCHECK_FUNCTION_EXISTS=pthread_create   -o CMakeFiles/cmTC_afc61.dir/CheckFunctionExists.c.o   -c /usr/share/cmake-3.5/Modules/CheckFunctionExists.c
Linking C executable cmTC_afc61
/usr/bin/cmake -E cmake_link_script CMakeFiles/cmTC_afc61.dir/link.txt --verbose=1
/usr/bin/cc   -DCHECK_FUNCTION_EXISTS=pthread_create    CMakeFiles/cmTC_afc61.dir/CheckFunctionExists.c.o  -o cmTC_afc61 -rdynamic -lpthreads 
/usr/bin/ld: cannot find -lpthreads
collect2: error: ld returned 1 exit status
CMakeFiles/cmTC_afc61.dir/build.make:97: recipe for target 'cmTC_afc61' failed
make[1]: *** [cmTC_afc61] Error 1
make[1]: Leaving directory '/home/glizdu/Pulpit/turtlebot/build/CMakeFiles/CMakeTmp'
Makefile:126: recipe for target 'cmTC_afc61/fast' failed
make: *** [cmTC_afc61/fast] Error 2


